生成启动时间为 2012-9-28 17:57:28。
     1>项目“C:\Documents and Settings\Administrator\桌面\人脸识别_Opencv_PCA\1011061518_周雷_facedection\facedection.vcxproj”在节点 2 上(rebuild 个目标)。
     1>_PrepareForClean:
         正在删除文件“.\Debug\facedection.lastbuildstate”。
       InitializeBuildStatus:
         正在对“.\Debug\facedection.unsuccessfulbuild”执行 Touch 任务。
       ClCompile:
         C:\Program Files\Microsoft Visual Studio 10.0\VC\bin\CL.exe /c /ZI /nologo /W3 /WX- /Od /Oy- /D WIN32 /D _DEBUG /D _CONSOLE /D _VC80_UPGRADE=0x0600 /D _MBCS /Gm /EHsc /RTC1 /MTd /GS /Gy- /fp:precise /Zc:wchar_t /Zc:forScope /Fo".\Debug\\" /Fd".\Debug\vc100.pdb" /FR".\Debug\\" /Gd /TP /analyze- /errorReport:prompt facedection.cpp
         facedection.cpp
     1>d:\opencv2.3.1\opencv\build\include\opencv2\flann\logger.h(66): warning C4996: 'fopen': This function or variable may be unsafe. Consider using fopen_s instead. To disable deprecation, use _CRT_SECURE_NO_WARNINGS. See online help for details.
                 c:\program files\microsoft visual studio 10.0\vc\include\stdio.h(234) : 参见“fopen”的声明
     1>d:\opencv2.3.1\opencv\build\include\opencv2\flann\flann.hpp(233): warning C4996: 'cv::flann::Index_<T>': 被声明为已否决
                 d:\opencv2.3.1\opencv\build\include\opencv2\flann\flann.hpp(278): 参见对正在编译的类 模板 实例化“cv::flann::Index_<T>”的引用
     1>c:\documents and settings\administrator\桌面\人脸识别_opencv_pca\1011061518_周雷_facedection\facedection.cpp(80): warning C4996: 'strcpy': This function or variable may be unsafe. Consider using strcpy_s instead. To disable deprecation, use _CRT_SECURE_NO_WARNINGS. See online help for details.
                 c:\program files\microsoft visual studio 10.0\vc\include\string.h(105) : 参见“strcpy”的声明
     1>c:\documents and settings\administrator\桌面\人脸识别_opencv_pca\1011061518_周雷_facedection\facedection.cpp(99): warning C4996: 'itoa': The POSIX name for this item is deprecated. Instead, use the ISO C++ conformant name: _itoa. See online help for details.
                 c:\program files\microsoft visual studio 10.0\vc\include\stdlib.h(867) : 参见“itoa”的声明
     1>c:\documents and settings\administrator\桌面\人脸识别_opencv_pca\1011061518_周雷_facedection\facedection.cpp(113): warning C4996: 'strcat': This function or variable may be unsafe. Consider using strcat_s instead. To disable deprecation, use _CRT_SECURE_NO_WARNINGS. See online help for details.
                 c:\program files\microsoft visual studio 10.0\vc\include\string.h(110) : 参见“strcat”的声明
     1>c:\documents and settings\administrator\桌面\人脸识别_opencv_pca\1011061518_周雷_facedection\facedection.cpp(121): warning C4996: 'itoa': The POSIX name for this item is deprecated. Instead, use the ISO C++ conformant name: _itoa. See online help for details.
                 c:\program files\microsoft visual studio 10.0\vc\include\stdlib.h(867) : 参见“itoa”的声明
     1>c:\documents and settings\administrator\桌面\人脸识别_opencv_pca\1011061518_周雷_facedection\facedection.cpp(122): warning C4996: 'strcat': This function or variable may be unsafe. Consider using strcat_s instead. To disable deprecation, use _CRT_SECURE_NO_WARNINGS. See online help for details.
                 c:\program files\microsoft visual studio 10.0\vc\include\string.h(110) : 参见“strcat”的声明
     1>c:\documents and settings\administrator\桌面\人脸识别_opencv_pca\1011061518_周雷_facedection\facedection.cpp(143): warning C4996: 'strcat': This function or variable may be unsafe. Consider using strcat_s instead. To disable deprecation, use _CRT_SECURE_NO_WARNINGS. See online help for details.
                 c:\program files\microsoft visual studio 10.0\vc\include\string.h(110) : 参见“strcat”的声明
     1>c:\documents and settings\administrator\桌面\人脸识别_opencv_pca\1011061518_周雷_facedection\facedection.cpp(148): warning C4996: 'itoa': The POSIX name for this item is deprecated. Instead, use the ISO C++ conformant name: _itoa. See online help for details.
                 c:\program files\microsoft visual studio 10.0\vc\include\stdlib.h(867) : 参见“itoa”的声明
     1>c:\documents and settings\administrator\桌面\人脸识别_opencv_pca\1011061518_周雷_facedection\facedection.cpp(149): warning C4996: 'strcat': This function or variable may be unsafe. Consider using strcat_s instead. To disable deprecation, use _CRT_SECURE_NO_WARNINGS. See online help for details.
                 c:\program files\microsoft visual studio 10.0\vc\include\string.h(110) : 参见“strcat”的声明
     1>c:\documents and settings\administrator\桌面\人脸识别_opencv_pca\1011061518_周雷_facedection\facedection.cpp(176): warning C4996: 'itoa': The POSIX name for this item is deprecated. Instead, use the ISO C++ conformant name: _itoa. See online help for details.
                 c:\program files\microsoft visual studio 10.0\vc\include\stdlib.h(867) : 参见“itoa”的声明
     1>c:\documents and settings\administrator\桌面\人脸识别_opencv_pca\1011061518_周雷_facedection\facedection.cpp(177): warning C4996: 'strcat': This function or variable may be unsafe. Consider using strcat_s instead. To disable deprecation, use _CRT_SECURE_NO_WARNINGS. See online help for details.
                 c:\program files\microsoft visual studio 10.0\vc\include\string.h(110) : 参见“strcat”的声明
     1>c:\documents and settings\administrator\桌面\人脸识别_opencv_pca\1011061518_周雷_facedection\facedection.cpp(205): warning C4996: 'itoa': The POSIX name for this item is deprecated. Instead, use the ISO C++ conformant name: _itoa. See online help for details.
                 c:\program files\microsoft visual studio 10.0\vc\include\stdlib.h(867) : 参见“itoa”的声明
     1>c:\documents and settings\administrator\桌面\人脸识别_opencv_pca\1011061518_周雷_facedection\facedection.cpp(206): warning C4996: 'strcat': This function or variable may be unsafe. Consider using strcat_s instead. To disable deprecation, use _CRT_SECURE_NO_WARNINGS. See online help for details.
                 c:\program files\microsoft visual studio 10.0\vc\include\string.h(110) : 参见“strcat”的声明
     1>c:\documents and settings\administrator\桌面\人脸识别_opencv_pca\1011061518_周雷_facedection\facedection.cpp(226): warning C4258: “a”: 忽略 For 循环中的定义；使用封闭范围中的定义
                 c:\documents and settings\administrator\桌面\人脸识别_opencv_pca\1011061518_周雷_facedection\facedection.cpp(203) : 忽略“a”的定义
                 c:\documents and settings\administrator\桌面\人脸识别_opencv_pca\1011061518_周雷_facedection\facedection.cpp(163) : 使用“a”的定义
     1>c:\documents and settings\administrator\桌面\人脸识别_opencv_pca\1011061518_周雷_facedection\facedection.cpp(308): warning C4996: 'itoa': The POSIX name for this item is deprecated. Instead, use the ISO C++ conformant name: _itoa. See online help for details.
                 c:\program files\microsoft visual studio 10.0\vc\include\stdlib.h(867) : 参见“itoa”的声明
     1>c:\documents and settings\administrator\桌面\人脸识别_opencv_pca\1011061518_周雷_facedection\facedection.cpp(309): warning C4996: 'strcat': This function or variable may be unsafe. Consider using strcat_s instead. To disable deprecation, use _CRT_SECURE_NO_WARNINGS. See online help for details.
                 c:\program files\microsoft visual studio 10.0\vc\include\string.h(110) : 参见“strcat”的声明
     1>c:\documents and settings\administrator\桌面\人脸识别_opencv_pca\1011061518_周雷_facedection\facedection.cpp(226): warning C4700: 使用了未初始化的局部变量“a”
       ManifestResourceCompile:
         C:\Program Files\Microsoft SDKs\Windows\v7.0A\bin\rc.exe /nologo /fo".\Debug\facedection.exe.embed.manifest.res" .\Debug\facedection_manifest.rc 
       Link:
         C:\Program Files\Microsoft Visual Studio 10.0\VC\bin\link.exe /ERRORREPORT:PROMPT /OUT:".\Debug\facedection.exe" /INCREMENTAL /NOLOGO odbc32.lib odbccp32.lib cxcore.lib cv.lib ml.lib cvaux.lib highgui.lib kernel32.lib user32.lib gdi32.lib winspool.lib comdlg32.lib advapi32.lib shell32.lib ole32.lib oleaut32.lib uuid.lib odbc32.lib odbccp32.lib /MANIFEST /ManifestFile:".\Debug\facedection.exe.intermediate.manifest" /MANIFESTUAC:"level='asInvoker' uiAccess='false'" /DEBUG /PDB:"C:\Documents and Settings\Administrator\桌面\人脸识别_Opencv_PCA\1011061518_周雷_facedection\Debug\facedection.pdb" /SUBSYSTEM:CONSOLE /TLBID:1 /DYNAMICBASE /NXCOMPAT /IMPLIB:".\Debug\facedection.lib" /MACHINE:X86 .\Debug\facedection.exe.embed.manifest.res
         .\Debug\facedection.obj
       Manifest:
         正在删除文件“.\Debug\facedection.exe.embed.manifest”。
         C:\Program Files\Microsoft SDKs\Windows\v7.0A\bin\mt.exe /nologo /verbose /out:".\Debug\facedection.exe.embed.manifest" /manifest .\Debug\facedection.exe.intermediate.manifest
         C:\Program Files\Microsoft SDKs\Windows\v7.0A\bin\rc.exe /nologo /fo".\Debug\facedection.exe.embed.manifest.res" .\Debug\facedection_manifest.rc 
       LinkEmbedManifest:
         C:\Program Files\Microsoft Visual Studio 10.0\VC\bin\link.exe /ERRORREPORT:PROMPT /OUT:".\Debug\facedection.exe" /INCREMENTAL /NOLOGO odbc32.lib odbccp32.lib cxcore.lib cv.lib ml.lib cvaux.lib highgui.lib kernel32.lib user32.lib gdi32.lib winspool.lib comdlg32.lib advapi32.lib shell32.lib ole32.lib oleaut32.lib uuid.lib odbc32.lib odbccp32.lib /MANIFEST /ManifestFile:".\Debug\facedection.exe.intermediate.manifest" /MANIFESTUAC:"level='asInvoker' uiAccess='false'" /DEBUG /PDB:"C:\Documents and Settings\Administrator\桌面\人脸识别_Opencv_PCA\1011061518_周雷_facedection\Debug\facedection.pdb" /SUBSYSTEM:CONSOLE /TLBID:1 /DYNAMICBASE /NXCOMPAT /IMPLIB:".\Debug\facedection.lib" /MACHINE:X86 .\Debug\facedection.exe.embed.manifest.res
         .\Debug\facedection.obj
         facedection.vcxproj -> C:\Documents and Settings\Administrator\桌面\人脸识别_Opencv_PCA\1011061518_周雷_facedection\.\Debug\facedection.exe
       BscMake:
         C:\Program Files\Microsoft Visual Studio 10.0\VC\bin\bscmake.exe /nologo /o".\Debug\facedection.bsc" .\Debug\facedection.sbr
       FinalizeBuildStatus:
         正在删除文件“.\Debug\facedection.unsuccessfulbuild”。
         正在对“.\Debug\facedection.lastbuildstate”执行 Touch 任务。
     1>已完成生成项目“C:\Documents and Settings\Administrator\桌面\人脸识别_Opencv_PCA\1011061518_周雷_facedection\facedection.vcxproj”(rebuild 个目标)的操作。

生成成功。

已用时间 00:00:12.09
